

Version:	3.50
CmdLine:	D:\VIKRAM\Sms\WhatsAppSender.exe --l4j-debug
JNI:		No
WOW64:		Yes
Working dir:	D:\VIKRAM\Sms\.
Requires JDK:	Yes
Requires 64-Bit: No
Java min ver:	1.008.000
Java max ver:	1.017.000
Substitute:	JAVA_HOME = 
Substitute:	PATH = C:\Program Files (x86)\Common Files\Oracle\Java\javapath;C:\Python313\Scripts\;C:\Python313\;C:\Windows\system32;C:\Windows;C:\Windows\System32\Wbem;C:\Windows\System32\WindowsPowerShell\v1.0\;C:\Windows\System32\OpenSSH\;C:\Program Files\nodejs\;C:\ProgramData\chocolatey\bin;C:\Program Files\Git\cmd;C:\Program Files\Java\jdk1.8.0_202\bin;C:\Program Files\MySQL\MySQL Shell 8.0\bin\;C:\Users\CADDAM\AppData\Local\Microsoft\WindowsApps;C:\Users\CADDAM\AppData\Local\Programs\Microsoft VS Code\bin;C:\Users\CADDAM\AppData\Roaming\npm;C:\Program Files\JetBrains\IntelliJ IDEA Community Edition 2025.2.1\bin;C:\Program Files\JetBrains\PyCharm 2025.1.1.1\bin;C:\Program Files\Java\jdk1.8.0_202\bin
JRE paths:	;C:\Program Files (x86)\Common Files\Oracle\Java\javapath;C:\Python313\Scripts\;C:\Python313\;C:\Windows\system32;C:\Windows;C:\Windows\System32\Wbem;C:\Windows\System32\WindowsPowerShell\v1.0\;C:\Windows\System32\OpenSSH\;C:\Program Files\nodejs\;C:\ProgramData\chocolatey\bin;C:\Program Files\Git\cmd;C:\Program Files\Java\jdk1.8.0_202\bin;C:\Program Files\MySQL\MySQL Shell 8.0\bin\;C:\Users\CADDAM\AppData\Local\Microsoft\WindowsApps;C:\Users\CADDAM\AppData\Local\Programs\Microsoft VS Code\bin;C:\Users\CADDAM\AppData\Roaming\npm;C:\Program Files\JetBrains\IntelliJ IDEA Community Edition 2025.2.1\bin;C:\Program Files\JetBrains\PyCharm 2025.1.1.1\bin;C:\Program Files\Java\jdk1.8.0_202\bin
Check launcher:	C:\Program Files (x86)\Common Files\Oracle\Java\javapath\bin\javaw.exe (not found)
Check launcher:	C:\Python313\Scripts\bin\javaw.exe (not found)
Check launcher:	C:\Python313\bin\javaw.exe (not found)
Check launcher:	C:\Windows\system32\bin\javaw.exe (not found)
Check launcher:	C:\Windows\bin\javaw.exe (not found)
Check launcher:	C:\Windows\System32\Wbem\bin\javaw.exe (not found)
Check launcher:	C:\Windows\System32\WindowsPowerShell\v1.0\bin\javaw.exe (not found)
Check launcher:	C:\Windows\System32\OpenSSH\bin\javaw.exe (not found)
Check launcher:	C:\Program Files\nodejs\bin\javaw.exe (not found)
Check launcher:	C:\ProgramData\chocolatey\bin\javaw.exe (not found)
Check launcher:	C:\Program Files\Git\cmd\bin\javaw.exe (not found)
Check launcher:	C:\Program Files\Java\jdk1.8.0_202\bin\javaw.exe (OK)
Check javac:	C:\Program Files\Java\jdk1.8.0_202\bin\javac.exe (OK)
Version string: 1.008.000_202 / 64-Bit (OK)
Substitute:	WhatsappSender = 
Launcher:	C:\Program Files\Java\jdk1.8.0_202\bin\javaw.exe
Launcher args:	-Denv.whatsapp="" -jar "D:\VIKRAM\Sms\WhatsAppSender.exe"
Args length:	57/32768 chars
Exit code:	0


Version:	3.50
CmdLine:	D:\VIKRAM\Sms\WhatsAppSender.exe --l4j-debug
JNI:		No
WOW64:		Yes
Working dir:	D:\VIKRAM\Sms\.
Requires JDK:	Yes
Requires 64-Bit: No
Java min ver:	1.008.000
Java max ver:	1.017.000
Substitute:	JAVA_HOME = 
Substitute:	PATH = C:\Program Files (x86)\Common Files\Oracle\Java\javapath;C:\Python313\Scripts\;C:\Python313\;C:\Windows\system32;C:\Windows;C:\Windows\System32\Wbem;C:\Windows\System32\WindowsPowerShell\v1.0\;C:\Windows\System32\OpenSSH\;C:\Program Files\nodejs\;C:\ProgramData\chocolatey\bin;C:\Program Files\Git\cmd;C:\Program Files\Java\jdk1.8.0_202\bin;C:\Program Files\MySQL\MySQL Shell 8.0\bin\;C:\Users\CADDAM\AppData\Local\Microsoft\WindowsApps;C:\Users\CADDAM\AppData\Local\Programs\Microsoft VS Code\bin;C:\Users\CADDAM\AppData\Roaming\npm;C:\Program Files\JetBrains\IntelliJ IDEA Community Edition 2025.2.1\bin;C:\Program Files\JetBrains\PyCharm 2025.1.1.1\bin;C:\Program Files\Java\jdk1.8.0_202\bin
JRE paths:	;C:\Program Files (x86)\Common Files\Oracle\Java\javapath;C:\Python313\Scripts\;C:\Python313\;C:\Windows\system32;C:\Windows;C:\Windows\System32\Wbem;C:\Windows\System32\WindowsPowerShell\v1.0\;C:\Windows\System32\OpenSSH\;C:\Program Files\nodejs\;C:\ProgramData\chocolatey\bin;C:\Program Files\Git\cmd;C:\Program Files\Java\jdk1.8.0_202\bin;C:\Program Files\MySQL\MySQL Shell 8.0\bin\;C:\Users\CADDAM\AppData\Local\Microsoft\WindowsApps;C:\Users\CADDAM\AppData\Local\Programs\Microsoft VS Code\bin;C:\Users\CADDAM\AppData\Roaming\npm;C:\Program Files\JetBrains\IntelliJ IDEA Community Edition 2025.2.1\bin;C:\Program Files\JetBrains\PyCharm 2025.1.1.1\bin;C:\Program Files\Java\jdk1.8.0_202\bin
Check launcher:	C:\Program Files (x86)\Common Files\Oracle\Java\javapath\bin\javaw.exe (not found)
Check launcher:	C:\Python313\Scripts\bin\javaw.exe (not found)
Check launcher:	C:\Python313\bin\javaw.exe (not found)
Check launcher:	C:\Windows\system32\bin\javaw.exe (not found)
Check launcher:	C:\Windows\bin\javaw.exe (not found)
Check launcher:	C:\Windows\System32\Wbem\bin\javaw.exe (not found)
Check launcher:	C:\Windows\System32\WindowsPowerShell\v1.0\bin\javaw.exe (not found)
Check launcher:	C:\Windows\System32\OpenSSH\bin\javaw.exe (not found)
Check launcher:	C:\Program Files\nodejs\bin\javaw.exe (not found)
Check launcher:	C:\ProgramData\chocolatey\bin\javaw.exe (not found)
Check launcher:	C:\Program Files\Git\cmd\bin\javaw.exe (not found)
Check launcher:	C:\Program Files\Java\jdk1.8.0_202\bin\javaw.exe (OK)
Check javac:	C:\Program Files\Java\jdk1.8.0_202\bin\javac.exe (OK)
Version string: 1.008.000_202 / 64-Bit (OK)
Substitute:	WhatsappSender = 
Launcher:	C:\Program Files\Java\jdk1.8.0_202\bin\javaw.exe
Launcher args:	-Denv.whatsapp="" -jar "D:\VIKRAM\Sms\WhatsAppSender.exe"
Args length:	57/32768 chars
Exit code:	0


Version:	3.50
CmdLine:	D:\VIKRAM\Sms\WhatsAppSender.exe --l4j-debug
JNI:		No
WOW64:		Yes
Working dir:	D:\VIKRAM\Sms\.
Requires JDK:	Yes
Requires 64-Bit: No
Java min ver:	1.008.000
Java max ver:	1.017.000
JRE paths:	D:\VIKRAM\Sms\jre1.8.0_202
Check launcher:	D:\VIKRAM\Sms\jre1.8.0_202\bin\javaw.exe (OK)
Check javac:	D:\VIKRAM\Sms\jre1.8.0_202\bin\javac.exe (not found)
64-bit search:	SOFTWARE\JavaSoft\Java Development Kit...
Check:		SOFTWARE\JavaSoft\Java Development Kit\1.8
Version string: 1.008.000 / 64-Bit (OK)
Check launcher:	C:\Program Files\Java\jdk1.8.0_202\bin\javaw.exe (OK)
Check javac:	C:\Program Files\Java\jdk1.8.0_202\bin\javac.exe (OK)
Match:		1.008.000
Runtime used:	1.008.000 (64-bit)
Launcher:	C:\Program Files\Java\jdk1.8.0_202\bin\javaw.exe
Launcher args:	-jar "D:\VIKRAM\Sms\WhatsAppSender.exe"
Args length:	39/32768 chars
Exit code:	0


Version:	3.50
CmdLine:	D:\VIKRAM\Sms\WhatsAppSender.exe --l4j-debug
JNI:		No
WOW64:		Yes
Working dir:	D:\VIKRAM\Sms\.
Requires JDK:	Yes
Requires 64-Bit: No
Java min ver:	1.008.000
Java max ver:	1.017.000
JRE paths:	D:\VIKRAM\Sms\jre1.8.0_202
Check launcher:	D:\VIKRAM\Sms\jre1.8.0_202\bin\javaw.exe (OK)
Check javac:	D:\VIKRAM\Sms\jre1.8.0_202\bin\javac.exe (not found)
64-bit search:	SOFTWARE\JavaSoft\Java Development Kit...
Check:		SOFTWARE\JavaSoft\Java Development Kit\1.8
Version string: 1.008.000 / 64-Bit (OK)
Check launcher:	C:\Program Files\Java\jdk1.8.0_202\bin\javaw.exe (OK)
Check javac:	C:\Program Files\Java\jdk1.8.0_202\bin\javac.exe (OK)
Match:		1.008.000
Runtime used:	1.008.000 (64-bit)
Launcher:	C:\Program Files\Java\jdk1.8.0_202\bin\javaw.exe
Launcher args:	-jar "D:\VIKRAM\Sms\WhatsAppSender.exe"
Args length:	39/32768 chars
Exit code:	0


Version:	3.50
CmdLine:	D:\VIKRAM\Sms\WhatsAppSender.exe --l4j-debug
JNI:		No
WOW64:		Yes
Working dir:	D:\VIKRAM\Sms\.
Requires JDK:	Yes
Requires 64-Bit: No
Java min ver:	1.008.000
Java max ver:	1.017.000
JRE paths:	jre1.8.0_202
Check launcher:	D:\VIKRAM\Sms\jre1.8.0_202\bin\javaw.exe (OK)
Check javac:	D:\VIKRAM\Sms\jre1.8.0_202\bin\javac.exe (not found)
64-bit search:	SOFTWARE\JavaSoft\Java Development Kit...
Check:		SOFTWARE\JavaSoft\Java Development Kit\1.8
Version string: 1.008.000 / 64-Bit (OK)
Check launcher:	C:\Program Files\Java\jdk1.8.0_202\bin\javaw.exe (OK)
Check javac:	C:\Program Files\Java\jdk1.8.0_202\bin\javac.exe (OK)
Match:		1.008.000
Runtime used:	1.008.000 (64-bit)
Main class:	com.smsapp.WhatsAppSender
Add classpath:	libs\*
      "      :	libs\.
      "      :	libs\..
      "      :	libs\commons-codec-1.11.jar
      "      :	libs\commons-collections4-4.4.jar
      "      :	libs\commons-io-2.11.0.jar
      "      :	libs\commons-logging-1.2.jar
      "      :	libs\httpclient-4.5.14.jar
      "      :	libs\httpcore-4.4.16.jar
      "      :	libs\jackson-annotations-2.17.0.jar
      "      :	libs\jackson-core-2.17.0.jar
      "      :	libs\jackson-datatype-jsr310-2.15.2.jar
      "      :	libs\json-20231013.jar
      "      :	libs\poi-5.4.1.jar
      "      :	libs\poi-ooxml-5.4.1.jar
      "      :	libs\poi-ooxml-schemas-4.1.2.jar
      "      :	libs\slf4j-api-2.0.7.jar
      "      :	libs\twilio-9.11.0.jar
      "      :	libs\xmlbeans-5.1.1.jar
Launcher:	C:\Program Files\Java\jdk1.8.0_202\bin\javaw.exe
Launcher args:	-classpath "D:\VIKRAM\Sms\WhatsAppSender.exe;libs\.;libs\..;libs\commons-codec-1.11.jar;libs\commons-collections4-4.4.jar;libs\commons-io-2.11.0.jar;libs\commons-logging-1.2.jar;libs\httpclient-4.5.14.jar;libs\httpcore-4.4.16.jar;libs\jackson-annotations-2.17.0.jar;libs\jackson-core-2.17.0.jar;libs\jackson-datatype-jsr310-2.15.2.jar;libs\json-20231013.jar;libs\poi-5.4.1.jar;libs\poi-ooxml-5.4.1.jar;libs\poi-ooxml-schemas-4.1.2.jar;libs\slf4j-api-2.0.7.jar;libs\twilio-9.11.0.jar;libs\xmlbeans-5.1.1.jar" com.smsapp.WhatsAppSender
Args length:	533/32768 chars
Exit code:	0


Version:	3.50
CmdLine:	D:\VIKRAM\Sms\WhatsAppSender.exe --l4j-debug
JNI:		No
WOW64:		Yes
Working dir:	D:\VIKRAM\Sms\.
Requires JDK:	Yes
Requires 64-Bit: No
Java min ver:	1.008.000
Java max ver:	1.017.000
JRE paths:	jre1.8.0_202
Check launcher:	D:\VIKRAM\Sms\jre1.8.0_202\bin\javaw.exe (OK)
Check javac:	D:\VIKRAM\Sms\jre1.8.0_202\bin\javac.exe (not found)
64-bit search:	SOFTWARE\JavaSoft\Java Development Kit...
Check:		SOFTWARE\JavaSoft\Java Development Kit\1.8
Version string: 1.008.000 / 64-Bit (OK)
Check launcher:	C:\Program Files\Java\jdk1.8.0_202\bin\javaw.exe (OK)
Check javac:	C:\Program Files\Java\jdk1.8.0_202\bin\javac.exe (OK)
Match:		1.008.000
Runtime used:	1.008.000 (64-bit)
Main class:	com.smsapp.WhatsAppSender
Add classpath:	libs\*
      "      :	libs\.
      "      :	libs\..
      "      :	libs\commons-codec-1.11.jar
      "      :	libs\commons-collections4-4.4.jar
      "      :	libs\commons-io-2.11.0.jar
      "      :	libs\commons-logging-1.2.jar
      "      :	libs\httpclient-4.5.14.jar
      "      :	libs\httpcore-4.4.16.jar
      "      :	libs\jackson-annotations-2.17.0.jar
      "      :	libs\jackson-core-2.17.0.jar
      "      :	libs\jackson-datatype-jsr310-2.15.2.jar
      "      :	libs\json-20231013.jar
      "      :	libs\poi-5.4.1.jar
      "      :	libs\poi-ooxml-5.4.1.jar
      "      :	libs\poi-ooxml-schemas-4.1.2.jar
      "      :	libs\slf4j-api-2.0.7.jar
      "      :	libs\twilio-9.11.0.jar
      "      :	libs\xmlbeans-5.1.1.jar
Launcher:	C:\Program Files\Java\jdk1.8.0_202\bin\javaw.exe
Launcher args:	-classpath "D:\VIKRAM\Sms\WhatsAppSender.exe;libs\.;libs\..;libs\commons-codec-1.11.jar;libs\commons-collections4-4.4.jar;libs\commons-io-2.11.0.jar;libs\commons-logging-1.2.jar;libs\httpclient-4.5.14.jar;libs\httpcore-4.4.16.jar;libs\jackson-annotations-2.17.0.jar;libs\jackson-core-2.17.0.jar;libs\jackson-datatype-jsr310-2.15.2.jar;libs\json-20231013.jar;libs\poi-5.4.1.jar;libs\poi-ooxml-5.4.1.jar;libs\poi-ooxml-schemas-4.1.2.jar;libs\slf4j-api-2.0.7.jar;libs\twilio-9.11.0.jar;libs\xmlbeans-5.1.1.jar" com.smsapp.WhatsAppSender
Args length:	533/32768 chars
Exit code:	0
